2025-08-13 21:27:22,082 - ERROR - Excel起動エラー: [WinError 32] プロセスはファイルにアクセスできません。別のプロセスが使用中です。
2025-08-13 21:27:22,083 - ERROR - 詳細なエラー情報:
2025-08-13 21:27:31,198 - ERROR - Excel起動エラー: [WinError 32] プロセスはファイルにアクセスできません。別のプロセスが使用中です。
2025-08-13 21:27:31,198 - ERROR - 詳細なエラー情報:
2025-08-13 21:29:32,457 - INFO - ファイルを信頼できる場所にコピーしました: C:\Users\vinta\Desktop\demo.xlsx
2025-08-13 21:29:32,457 - INFO - レジストリからExcelパスを取得: C:\Program Files\Microsoft Office\Root\Office16\EXCEL.EXE
2025-08-13 21:29:32,633 - INFO - Excelファイルを開きました: C:\Users\vinta\Desktop\demo.xlsx
2025-08-13 21:29:37,801 - INFO - キーボードショートカットで保護ビューを無効にしました
2025-08-13 21:29:39,113 - INFO - Tabキーで保護ビューを無効にしました
2025-08-13 21:29:43,285 - INFO - キーボードショートカットで保護ビューを無効にしました
2025-08-13 21:29:44,596 - INFO - Tabキーで保護ビューを無効にしました
2025-08-13 21:29:50,415 - INFO - セル A1 を選択しました
2025-08-13 21:29:51,537 - INFO - テキストを入力しました: Hello Excel!
2025-08-13 21:29:53,348 - INFO - セル B1 を選択しました
2025-08-13 21:29:54,607 - INFO - 数式を挿入しました: =A1
2025-08-13 21:29:56,418 - INFO - セル C1 を選択しました
2025-08-13 21:29:57,179 - INFO - テキストを入力しました: 1000
2025-08-13 21:29:59,043 - INFO - セルを書式設定しました: currency
2025-08-13 21:30:00,197 - INFO - ファイルを保存しました
2025-08-13 21:30:03,199 - INFO - Excelを閉じました
2025-08-13 21:35:16,148 - INFO - ファイルを信頼できる場所にコピーしました: C:\Users\vinta\Desktop\demo.xlsx
2025-08-13 21:35:16,149 - INFO - レジストリからExcelパスを取得: C:\Program Files\Microsoft Office\Root\Office16\EXCEL.EXE
2025-08-13 21:35:16,351 - INFO - Excelファイルを開きました: C:\Users\vinta\Desktop\demo.xlsx
2025-08-13 21:35:21,519 - INFO - キーボードショートカットで保護ビューを無効にしました
2025-08-13 21:35:22,831 - INFO - Tabキーで保護ビューを無効にしました
2025-08-13 21:35:27,003 - INFO - キーボードショートカットで保護ビューを無効にしました
2025-08-13 21:35:28,314 - INFO - Tabキーで保護ビューを無効にしました
2025-08-13 21:35:34,130 - INFO - セル A1 を選択しました
2025-08-13 21:35:35,252 - INFO - テキストを入力しました: Hello Excel!
2025-08-13 21:35:37,062 - INFO - セル B1 を選択しました
2025-08-13 21:35:38,322 - INFO - 数式を挿入しました: =A1
2025-08-13 21:35:40,135 - INFO - セル C1 を選択しました
2025-08-13 21:35:40,895 - INFO - テキストを入力しました: 1000
2025-08-13 21:35:42,759 - INFO - セルを書式設定しました: currency
2025-08-13 21:35:44,213 - INFO - リボンタブ 'ホーム' をクリックしました
2025-08-13 21:35:46,028 - INFO - セル A1 を選択しました
2025-08-13 21:35:47,482 - INFO - リボンタブ 'ホーム' をクリックしました
2025-08-13 21:35:49,135 - INFO - リボンボタン '太字' をクリックしました
2025-08-13 21:35:50,945 - INFO - セル B1 を選択しました
2025-08-13 21:35:52,400 - INFO - リボンタブ 'ホーム' をクリックしました
2025-08-13 21:35:54,106 - INFO - リボンボタン '中央揃え' をクリックしました
2025-08-13 21:35:55,561 - INFO - リボンタブ '挿入' をクリックしました
2025-08-13 21:35:57,017 - INFO - リボンタブ '挿入' をクリックしました
2025-08-13 21:35:58,720 - INFO - リボンボタン 'グラフ' をクリックしました
2025-08-13 21:36:00,176 - INFO - リボンタブ 'ホーム' をクリックしました
2025-08-13 21:36:01,631 - INFO - リボンタブ 'ホーム' をクリックしました
2025-08-13 21:36:03,484 - INFO - リボンダイアログ 'セルの書式設定' を開きました
2025-08-13 21:36:04,537 - INFO - リボンダイアログを閉じました
2025-08-13 21:36:05,992 - INFO - リボンタブ 'ホーム' をクリックしました
2025-08-13 21:36:07,644 - INFO - リボンコマンド 'ホーム > フォント > 太字' を実行しました
2025-08-13 21:36:08,799 - INFO - ファイルを保存しました
2025-08-13 21:36:11,800 - INFO - Excelを閉じました
2025-08-13 21:40:12,453 - INFO - ファイルを信頼できる場所にコピーしました: C:\Users\vinta\Desktop\demo.xlsx
2025-08-13 21:40:12,453 - INFO - レジストリからExcelパスを取得: C:\Program Files\Microsoft Office\Root\Office16\EXCEL.EXE
2025-08-13 21:40:12,632 - INFO - Excelファイルを開きました: C:\Users\vinta\Desktop\demo.xlsx
2025-08-13 21:40:17,401 - INFO - キーボードショートカットで保護ビューを無効にしました
2025-08-13 21:40:18,312 - INFO - Tabキーで保護ビューを無効にしました
2025-08-13 21:40:22,085 - INFO - キーボードショートカットで保護ビューを無効にしました
2025-08-13 21:40:22,999 - INFO - Tabキーで保護ビューを無効にしました
2025-08-13 21:40:28,816 - INFO - セル A1 を選択しました
2025-08-13 21:40:29,736 - INFO - テキストを入力しました: Hello Excel!
2025-08-13 21:40:31,545 - INFO - セル B1 を選択しました
2025-08-13 21:40:32,403 - INFO - 数式を挿入しました: =A1
2025-08-13 21:40:34,212 - INFO - セル C1 を選択しました
2025-08-13 21:40:34,773 - INFO - テキストを入力しました: 1000
2025-08-13 21:40:37,038 - INFO - セルを書式設定しました: currency
2025-08-13 21:40:38,849 - INFO - セル A1 を選択しました
2025-08-13 21:40:39,803 - INFO - 太字を適用しました
2025-08-13 21:40:41,614 - INFO - セル B1 を選択しました
2025-08-13 21:40:44,023 - INFO - 中央揃えを適用しました
2025-08-13 21:40:45,833 - INFO - セル C1 を選択しました
2025-08-13 21:40:48,249 - INFO - 通貨形式を適用しました
2025-08-13 21:40:49,903 - INFO - リボンタブ 'ホーム' をクリックしました
2025-08-13 21:40:51,058 - INFO - セルの書式設定ダイアログを開きました
2025-08-13 21:40:52,110 - INFO - リボンダイアログを閉じました
2025-08-13 21:40:53,764 - INFO - リボンタブ '挿入' をクリックしました
2025-08-13 21:40:55,419 - INFO - リボンタブ '挿入' をクリックしました
2025-08-13 21:40:58,523 - INFO - リボンボタン 'グラフ' をクリックしました
2025-08-13 21:41:00,177 - INFO - リボンタブ 'ホーム' をクリックしました
2025-08-13 21:41:01,332 - INFO - ファイルを保存しました
2025-08-13 21:41:04,333 - INFO - Excelを閉じました
2025-08-13 21:41:22,883 - INFO - ファイルを信頼できる場所にコピーしました: C:\Users\vinta\Desktop\demo.xlsx
2025-08-13 21:41:22,883 - INFO - レジストリからExcelパスを取得: C:\Program Files\Microsoft Office\Root\Office16\EXCEL.EXE
2025-08-13 21:41:23,044 - INFO - Excelファイルを開きました: C:\Users\vinta\Desktop\demo.xlsx
2025-08-13 21:41:27,813 - INFO - キーボードショートカットで保護ビューを無効にしました
2025-08-13 21:41:28,724 - INFO - Tabキーで保護ビューを無効にしました
2025-08-13 21:41:32,496 - INFO - キーボードショートカットで保護ビューを無効にしました
2025-08-13 21:41:33,409 - INFO - Tabキーで保護ビューを無効にしました
2025-08-13 21:41:39,225 - INFO - セル A1 を選択しました
2025-08-13 21:41:40,147 - INFO - テキストを入力しました: Hello Excel!
2025-08-13 21:41:41,957 - INFO - セル B1 を選択しました
2025-08-13 21:41:42,817 - INFO - 数式を挿入しました: =A1
2025-08-13 21:41:44,626 - INFO - セル C1 を選択しました
2025-08-13 21:41:45,184 - INFO - テキストを入力しました: 1000
2025-08-13 21:41:47,448 - INFO - セルを書式設定しました: currency
2025-08-13 21:41:49,256 - INFO - セル A1 を選択しました
2025-08-13 21:41:50,211 - INFO - 太字を適用しました
2025-08-13 21:41:52,021 - INFO - セル B1 を選択しました
2025-08-13 21:41:54,429 - INFO - 中央揃えを適用しました
2025-08-13 21:41:56,241 - INFO - セル C1 を選択しました
2025-08-13 21:41:58,657 - INFO - 通貨形式を適用しました
2025-08-13 21:42:00,310 - INFO - リボンタブ 'ホーム' をクリックしました
2025-08-13 21:42:01,465 - INFO - セルの書式設定ダイアログを開きました
2025-08-13 21:42:02,518 - INFO - リボンダイアログを閉じました
2025-08-13 21:42:04,173 - INFO - リボンタブ '挿入' をクリックしました
2025-08-13 21:42:05,828 - INFO - リボンタブ '挿入' をクリックしました
2025-08-13 21:42:08,933 - INFO - リボンボタン 'グラフ' をクリックしました
2025-08-13 21:42:10,824 - INFO - リボンタブ 'ホーム' をクリックしました
2025-08-13 21:42:12,034 - INFO - ファイルを保存しました
2025-08-13 21:42:15,036 - INFO - Excelを閉じました
2025-08-13 21:45:01,769 - INFO - ファイルを信頼できる場所にコピーしました: C:\Users\vinta\Desktop\demo.xlsx
2025-08-13 21:45:01,770 - INFO - レジストリからExcelパスを取得: C:\Program Files\Microsoft Office\Root\Office16\EXCEL.EXE
2025-08-13 21:45:01,940 - INFO - Excelファイルを開きました: C:\Users\vinta\Desktop\demo.xlsx
2025-08-13 21:45:07,109 - INFO - キーボードショートカットで保護ビューを無効にしました
2025-08-13 21:45:08,423 - INFO - Tabキーで保護ビューを無効にしました
2025-08-13 21:45:12,593 - INFO - キーボードショートカットで保護ビューを無効にしました
2025-08-13 21:45:13,905 - INFO - Tabキーで保護ビューを無効にしました
2025-08-13 21:45:19,720 - INFO - セル A1 を選択しました
2025-08-13 21:45:20,840 - INFO - テキストを入力しました: Hello Excel!
2025-08-13 21:45:22,650 - INFO - セル B1 を選択しました
2025-08-13 21:45:23,910 - INFO - 数式を挿入しました: =A1
2025-08-13 21:45:25,720 - INFO - セル C1 を選択しました
2025-08-13 21:45:26,479 - INFO - テキストを入力しました: 1000
2025-08-13 21:45:29,342 - INFO - セルを書式設定しました: currency
2025-08-13 21:45:31,152 - INFO - セル A1 を選択しました
2025-08-13 21:45:34,461 - INFO - 太字を適用しました（リボン経由）
2025-08-13 21:45:36,271 - INFO - セル B1 を選択しました
2025-08-13 21:45:39,580 - INFO - 中央揃えを適用しました
2025-08-13 21:45:41,391 - INFO - セル C1 を選択しました
2025-08-13 21:45:44,706 - INFO - 通貨形式を適用しました
2025-08-13 21:45:46,861 - INFO - リボンタブ 'ホーム' をクリックしました
2025-08-13 21:45:48,015 - INFO - セルの書式設定ダイアログを開きました
2025-08-13 21:45:49,068 - INFO - リボンダイアログを閉じました
2025-08-13 21:45:51,222 - INFO - リボンタブ '挿入' をクリックしました
2025-08-13 21:45:53,377 - INFO - リボンタブ '挿入' をクリックしました
2025-08-13 21:45:56,981 - INFO - リボンボタン 'グラフ' をクリックしました
2025-08-13 21:45:59,135 - INFO - リボンタブ 'ホーム' をクリックしました
2025-08-13 21:46:00,291 - INFO - ファイルを保存しました
2025-08-13 21:46:03,292 - INFO - Excelを閉じました
2025-08-13 21:49:04,768 - INFO - ファイルを信頼できる場所にコピーしました: C:\Users\vinta\Desktop\demo.xlsx
2025-08-13 21:49:04,768 - INFO - レジストリからExcelパスを取得: C:\Program Files\Microsoft Office\Root\Office16\EXCEL.EXE
2025-08-13 21:49:04,956 - INFO - Excelファイルを開きました: C:\Users\vinta\Desktop\demo.xlsx
2025-08-13 21:49:10,122 - INFO - キーボードショートカットで保護ビューを無効にしました
2025-08-13 21:49:11,436 - INFO - Tabキーで保護ビューを無効にしました
2025-08-13 21:49:15,611 - INFO - キーボードショートカットで保護ビューを無効にしました
2025-08-13 21:49:16,922 - INFO - Tabキーで保護ビューを無効にしました
2025-08-13 21:49:20,526 - INFO - Excelを閉じました
2025-08-13 21:49:28,634 - INFO - ファイルを信頼できる場所にコピーしました: C:\Users\vinta\Desktop\demo.xlsx
2025-08-13 21:49:28,634 - INFO - レジストリからExcelパスを取得: C:\Program Files\Microsoft Office\Root\Office16\EXCEL.EXE
2025-08-13 21:49:28,792 - INFO - Excelファイルを開きました: C:\Users\vinta\Desktop\demo.xlsx
2025-08-13 21:49:33,960 - INFO - キーボードショートカットで保護ビューを無効にしました
2025-08-13 21:49:35,271 - INFO - Tabキーで保護ビューを無効にしました
2025-08-13 21:49:39,444 - INFO - キーボードショートカットで保護ビューを無効にしました
2025-08-13 21:49:40,755 - INFO - Tabキーで保護ビューを無効にしました
2025-08-13 21:49:46,573 - INFO - セル A1 を選択しました
2025-08-13 21:49:47,691 - INFO - テキストを入力しました: Hello Excel!
2025-08-13 21:49:49,501 - INFO - セル B1 を選択しました
2025-08-13 21:49:50,759 - INFO - 数式を挿入しました: =A1
2025-08-13 21:49:52,570 - INFO - セル C1 を選択しました
2025-08-13 21:49:53,328 - INFO - テキストを入力しました: 1000
2025-08-13 21:49:56,192 - INFO - セルを書式設定しました: currency
2025-08-13 21:49:58,347 - INFO - リボンタブ '数式' をクリックしました
2025-08-13 21:50:02,104 - INFO - 名前の管理ダイアログを開きました
2025-08-13 21:50:08,743 - INFO - リボンダイアログを閉じました
2025-08-13 21:50:10,897 - INFO - リボンタブ 'ホーム' をクリックしました
2025-08-13 21:50:12,055 - INFO - ファイルを保存しました
2025-08-13 21:50:15,057 - INFO - Excelを閉じました
2025-08-13 21:53:50,848 - INFO - ファイルを信頼できる場所にコピーしました: C:\Users\vinta\Desktop\demo.xlsx
2025-08-13 21:53:50,848 - INFO - レジストリからExcelパスを取得: C:\Program Files\Microsoft Office\Root\Office16\EXCEL.EXE
2025-08-13 21:53:51,030 - INFO - Excelファイルを開きました: C:\Users\vinta\Desktop\demo.xlsx
2025-08-13 21:53:56,198 - INFO - キーボードショートカットで保護ビューを無効にしました
2025-08-13 21:53:57,511 - INFO - Tabキーで保護ビューを無効にしました
2025-08-13 21:54:01,683 - INFO - キーボードショートカットで保護ビューを無効にしました
2025-08-13 21:54:02,995 - INFO - Tabキーで保護ビューを無効にしました
2025-08-13 21:54:08,811 - INFO - セル A1 を選択しました
2025-08-13 21:54:09,933 - INFO - テキストを入力しました: Hello Excel!
2025-08-13 21:54:11,743 - INFO - セル B1 を選択しました
2025-08-13 21:54:13,002 - INFO - 数式を挿入しました: =A1
2025-08-13 21:54:14,813 - INFO - セル C1 を選択しました
2025-08-13 21:54:15,571 - INFO - テキストを入力しました: 1000
2025-08-13 21:54:18,434 - INFO - セルを書式設定しました: currency
2025-08-13 21:54:20,589 - INFO - リボンタブ '数式' をクリックしました
2025-08-13 21:54:24,348 - INFO - 名前の管理ダイアログを開きました
2025-08-13 21:54:28,459 - INFO - Excelを閉じました
2025-08-13 22:16:37,299 - INFO - ファイルを信頼できる場所にコピーしました: C:\Users\vinta\Desktop\demo.xlsx
2025-08-13 22:16:37,299 - INFO - レジストリからExcelパスを取得: C:\Program Files\Microsoft Office\Root\Office16\EXCEL.EXE
2025-08-13 22:16:37,471 - INFO - Excelファイルを開きました: C:\Users\vinta\Desktop\demo.xlsx
2025-08-13 22:16:42,638 - INFO - キーボードショートカットで保護ビューを無効にしました
2025-08-13 22:16:43,948 - INFO - Tabキーで保護ビューを無効にしました
2025-08-13 22:16:48,120 - INFO - キーボードショートカットで保護ビューを無効にしました
2025-08-13 22:16:49,431 - INFO - Tabキーで保護ビューを無効にしました
2025-08-13 22:16:55,248 - INFO - セル A1 を選択しました
2025-08-13 22:16:56,364 - INFO - テキストを入力しました: Hello Excel!
2025-08-13 22:16:58,174 - INFO - セル B1 を選択しました
2025-08-13 22:16:59,432 - INFO - 数式を挿入しました: =A1
2025-08-13 22:17:01,242 - INFO - セル C1 を選択しました
2025-08-13 22:17:02,000 - INFO - テキストを入力しました: 1000
2025-08-13 22:17:04,155 - INFO - リボンタブ短縮キー 'A' を実行しました
2025-08-13 22:17:07,861 - INFO - リボン短縮キー 'H>B' を実行しました
2025-08-13 22:17:09,015 - INFO - ファイルを保存しました
2025-08-13 22:17:12,017 - INFO - Excelを閉じました
